Determining if the pthread_create exist failed with the following output:
Change Dir: /home/zhishan/Dashan_demo_update/build/CMakeFiles/CMakeTmp

Run Build Command:/usr/bin/make "cmTryCompileExec1467036129/fast"
/usr/bin/make -f CMakeFiles/cmTryCompileExec1467036129.dir/build.make CMakeFiles/cmTryCompileExec1467036129.dir/build
make[1]: 正在进入目录 `/home/zhishan/Dashan_demo_update/build/CMakeFiles/CMakeTmp'
/usr/bin/cmake -E cmake_progress_report /home/zhishan/Dashan_demo_update/build/CMakeFiles/CMakeTmp/CMakeFiles 1
Building C object CMakeFiles/cmTryCompileExec1467036129.dir/CheckSymbolExists.c.o
/usr/bin/cc    -o CMakeFiles/cmTryCompileExec1467036129.dir/CheckSymbolExists.c.o   -c /home/zhishan/Dashan_demo_update/build/CMakeFiles/CMakeTmp/CheckSymbolExists.c
Linking C executable cmTryCompileExec1467036129
/usr/bin/cmake -E cmake_link_script CMakeFiles/cmTryCompileExec1467036129.dir/link.txt --verbose=1
/usr/bin/cc       CMakeFiles/cmTryCompileExec1467036129.dir/CheckSymbolExists.c.o  -o cmTryCompileExec1467036129 -rdynamic 
CMakeFiles/cmTryCompileExec1467036129.dir/CheckSymbolExists.c.o：在函数‘main’中：
CheckSymbolExists.c:(.text+0xa)：对‘pthread_create’未定义的引用
collect2: error: ld returned 1 exit status
make[1]:正在离开目录 `/home/zhishan/Dashan_demo_update/build/CMakeFiles/CMakeTmp'
make[1]: *** [cmTryCompileExec1467036129] 错误 1
make: *** [cmTryCompileExec1467036129/fast] 错误 2

File /home/zhishan/Dashan_demo_update/build/CMakeFiles/CMakeTmp/CheckSymbolExists.c:
/* */
#include <pthread.h>

int main(int argc, char** argv)
{
  (void)argv;
#ifndef pthread_create
  return ((int*)(&pthread_create))[argc];
#else
  (void)argc;
  return 0;
#endif
}

Determining if the function pthread_create exists in the pthreads failed with the following output:
Change Dir: /home/zhishan/Dashan_demo_update/build/CMakeFiles/CMakeTmp

Run Build Command:/usr/bin/make "cmTryCompileExec3944568393/fast"
/usr/bin/make -f CMakeFiles/cmTryCompileExec3944568393.dir/build.make CMakeFiles/cmTryCompileExec3944568393.dir/build
make[1]: 正在进入目录 `/home/zhishan/Dashan_demo_update/build/CMakeFiles/CMakeTmp'
/usr/bin/cmake -E cmake_progress_report /home/zhishan/Dashan_demo_update/build/CMakeFiles/CMakeTmp/CMakeFiles 1
Building C object CMakeFiles/cmTryCompileExec3944568393.dir/CheckFunctionExists.c.o
/usr/bin/cc   -DCHECK_FUNCTION_EXISTS=pthread_create   -o CMakeFiles/cmTryCompileExec3944568393.dir/CheckFunctionExists.c.o   -c /usr/share/cmake-2.8/Modules/CheckFunctionExists.c
Linking C executable cmTryCompileExec3944568393
/usr/bin/cmake -E cmake_link_script CMakeFiles/cmTryCompileExec3944568393.dir/link.txt --verbose=1
/usr/bin/cc   -DCHECK_FUNCTION_EXISTS=pthread_create    CMakeFiles/cmTryCompileExec3944568393.dir/CheckFunctionExists.c.o  -o cmTryCompileExec3944568393 -rdynamic -lpthreads 
/usr/bin/ld: 找不到 -lpthreads
collect2: error: ld returned 1 exit status
make[1]: *** [cmTryCompileExec3944568393] 错误 1
make[1]:正在离开目录 `/home/zhishan/Dashan_demo_update/build/CMakeFiles/CMakeTmp'
make: *** [cmTryCompileExec3944568393/fast] 错误 2


